ussd-library-kotlin/build/intermediates/manifest_merge_blame_file/debug/manifest-merger-blame-debug-report.txt
1<?xml version="1.0" encoding="utf-8"?>
2<!-- /*** BoostTag E.I.R.L. All Copyright Reserved* www.boosttag.com*/ -->
3<manifest xmlns:android="http://schemas.android.com/apk/res/android"
4    package="com.romellfudi.ussdlibrary"
5    android:versionCode="1"
6    android:versionName="1.1.k" >
7
8    <uses-sdk
9        android:minSdkVersion="23"
9-->src\main\AndroidManifest.xml
10        android:targetSdkVersion="28" />
10-->src\main\AndroidManifest.xml
11
12    <application
12-->src\main\AndroidManifest.xml:6:5-10:19
13        android:allowBackup="true"
13-->src\main\AndroidManifest.xml:7:9-35
14        android:label="@string/app_name" >
14-->src\main\AndroidManifest.xml:8:9-41
15    </application>
16
17</manifest>